mode: set
godbtest/db.go:27.50,29.16 2 1
godbtest/db.go:33.2,46.16 5 1
godbtest/db.go:51.2,53.18 2 1
godbtest/db.go:59.2,60.16 2 1
godbtest/db.go:66.2,66.35 1 1
godbtest/db.go:72.2,73.16 2 1
godbtest/db.go:77.2,82.16 4 1
godbtest/db.go:86.2,88.16 3 1
godbtest/db.go:94.2,97.16 4 1
godbtest/db.go:101.2,103.16 3 1
godbtest/db.go:107.2,107.20 1 1
godbtest/db.go:29.16,31.3 1 0
godbtest/db.go:46.16,49.3 2 1
godbtest/db.go:53.18,56.3 2 0
godbtest/db.go:60.16,63.3 2 0
godbtest/db.go:66.35,69.3 2 1
godbtest/db.go:73.16,76.3 2 0
godbtest/db.go:82.16,85.3 2 0
godbtest/db.go:88.16,91.3 2 0
godbtest/db.go:97.16,100.3 2 0
godbtest/db.go:103.16,106.3 2 0
godbtest/db.go:110.13,113.16 2 0
godbtest/db.go:116.2,118.16 3 0
godbtest/db.go:113.16,115.3 1 0
godbtest/db.go:118.16,120.3 1 0
